<?xml version="1.0" encoding="UTF-8"?>
<testsuite xmlns:xsi="http://www.w3.org/2001/XMLSchema-instance" xsi:noNamespaceSchemaLocation="https://maven.apache.org/surefire/maven-surefire-plugin/xsd/surefire-test-report.xsd" name="Is it Friday yet?" time="0.027" tests="3" errors="0" skipped="0" failures="0">
  <properties>
    <property name="gopherProxySet" value="false"/>
    <property name="awt.toolkit" value="sun.lwawt.macosx.LWCToolkit"/>
    <property name="java.specification.version" value="11"/>
    <property name="sun.cpu.isalist" value=""/>
    <property name="sun.jnu.encoding" value="UTF-8"/>
    <property name="java.class.path" value="/Users/mohammed/Documents/Intellij_Projects/CucumberSample/beeKeeper_cucumber/hellocucumber/target/test-classes:/Users/mohammed/Documents/Intellij_Projects/CucumberSample/beeKeeper_cucumber/hellocucumber/target/classes:/Users/mohammed/.m2/repository/io/cucumber/cucumber-java/6.8.1/cucumber-java-6.8.1.jar:/Users/mohammed/.m2/repository/io/cucumber/cucumber-core/6.8.1/cucumber-core-6.8.1.jar:/Users/mohammed/.m2/repository/io/cucumber/cucumber-gherkin/6.8.1/cucumber-gherkin-6.8.1.jar:/Users/mohammed/.m2/repository/io/cucumber/cucumber-gherkin-messages/6.8.1/cucumber-gherkin-messages-6.8.1.jar:/Users/mohammed/.m2/repository/io/cucumber/messages/13.1.0/messages-13.1.0.jar:/Users/mohammed/.m2/repository/io/cucumber/tag-expressions/3.0.0/tag-expressions-3.0.0.jar:/Users/mohammed/.m2/repository/io/cucumber/cucumber-expressions/10.3.0/cucumber-expressions-10.3.0.jar:/Users/mohammed/.m2/repository/io/cucumber/datatable/3.5.0/datatable-3.5.0.jar:/Users/mohammed/.m2/repository/io/cucumber/cucumber-plugin/6.8.1/cucumber-plugin-6.8.1.jar:/Users/mohammed/.m2/repository/io/cucumber/docstring/6.8.1/docstring-6.8.1.jar:/Users/mohammed/.m2/repository/io/cucumber/html-formatter/9.0.0/html-formatter-9.0.0.jar:/Users/mohammed/.m2/repository/io/cucumber/create-meta/2.0.2/create-meta-2.0.2.jar:/Users/mohammed/.m2/repository/org/apiguardian/apiguardian-api/1.1.0/apiguardian-api-1.1.0.jar:/Users/mohammed/.m2/repository/io/cucumber/cucumber-junit/6.8.1/cucumber-junit-6.8.1.jar:/Users/mohammed/.m2/repository/junit/junit/4.13/junit-4.13.jar:/Users/mohammed/.m2/repository/org/hamcrest/hamcrest-core/1.3/hamcrest-core-1.3.jar:"/>
    <property name="java.vm.vendor" value="Oracle Corporation"/>
    <property name="sun.arch.data.model" value="64"/>
    <property name="java.vendor.url" value="https://openjdk.java.net/"/>
    <property name="user.timezone" value=""/>
    <property name="java.vm.specification.version" value="11"/>
    <property name="os.name" value="Mac OS X"/>
    <property name="sun.java.launcher" value="SUN_STANDARD"/>
    <property name="user.country" value="IN"/>
    <property name="sun.boot.library.path" value="/Library/Java/JavaVirtualMachines/jdk-11.0.10.jdk/Contents/Home/lib"/>
    <property name="sun.java.command" value="/Users/mohammed/Documents/Intellij_Projects/CucumberSample/beeKeeper_cucumber/hellocucumber/target/surefire/surefirebooter9285920604697986856.jar /Users/mohammed/Documents/Intellij_Projects/CucumberSample/beeKeeper_cucumber/hellocucumber/target/surefire 2021-03-04T13-15-29_162-jvmRun1 surefire16620942373290498654tmp surefire_05353642845868777539tmp"/>
    <property name="jdk.debug" value="release"/>
    <property name="surefire.test.class.path" value="/Users/mohammed/Documents/Intellij_Projects/CucumberSample/beeKeeper_cucumber/hellocucumber/target/test-classes:/Users/mohammed/Documents/Intellij_Projects/CucumberSample/beeKeeper_cucumber/hellocucumber/target/classes:/Users/mohammed/.m2/repository/io/cucumber/cucumber-java/6.8.1/cucumber-java-6.8.1.jar:/Users/mohammed/.m2/repository/io/cucumber/cucumber-core/6.8.1/cucumber-core-6.8.1.jar:/Users/mohammed/.m2/repository/io/cucumber/cucumber-gherkin/6.8.1/cucumber-gherkin-6.8.1.jar:/Users/mohammed/.m2/repository/io/cucumber/cucumber-gherkin-messages/6.8.1/cucumber-gherkin-messages-6.8.1.jar:/Users/mohammed/.m2/repository/io/cucumber/messages/13.1.0/messages-13.1.0.jar:/Users/mohammed/.m2/repository/io/cucumber/tag-expressions/3.0.0/tag-expressions-3.0.0.jar:/Users/mohammed/.m2/repository/io/cucumber/cucumber-expressions/10.3.0/cucumber-expressions-10.3.0.jar:/Users/mohammed/.m2/repository/io/cucumber/datatable/3.5.0/datatable-3.5.0.jar:/Users/mohammed/.m2/repository/io/cucumber/cucumber-plugin/6.8.1/cucumber-plugin-6.8.1.jar:/Users/mohammed/.m2/repository/io/cucumber/docstring/6.8.1/docstring-6.8.1.jar:/Users/mohammed/.m2/repository/io/cucumber/html-formatter/9.0.0/html-formatter-9.0.0.jar:/Users/mohammed/.m2/repository/io/cucumber/create-meta/2.0.2/create-meta-2.0.2.jar:/Users/mohammed/.m2/repository/org/apiguardian/apiguardian-api/1.1.0/apiguardian-api-1.1.0.jar:/Users/mohammed/.m2/repository/io/cucumber/cucumber-junit/6.8.1/cucumber-junit-6.8.1.jar:/Users/mohammed/.m2/repository/junit/junit/4.13/junit-4.13.jar:/Users/mohammed/.m2/repository/org/hamcrest/hamcrest-core/1.3/hamcrest-core-1.3.jar:"/>
    <property name="sun.cpu.endian" value="little"/>
    <property name="user.home" value="/Users/mohammed"/>
    <property name="user.language" value="en"/>
    <property name="java.specification.vendor" value="Oracle Corporation"/>
    <property name="java.version.date" value="2021-01-19"/>
    <property name="java.home" value="/Library/Java/JavaVirtualMachines/jdk-11.0.10.jdk/Contents/Home"/>
    <property name="file.separator" value="/"/>
    <property name="basedir" value="/Users/mohammed/Documents/Intellij_Projects/CucumberSample/beeKeeper_cucumber/hellocucumber"/>
    <property name="java.vm.compressedOopsMode" value="Zero based"/>
    <property name="line.separator" value="&#10;"/>
    <property name="java.specification.name" value="Java Platform API Specification"/>
    <property name="java.vm.specification.vendor" value="Oracle Corporation"/>
    <property name="java.awt.graphicsenv" value="sun.awt.CGraphicsEnvironment"/>
    <property name="surefire.real.class.path" value="/Users/mohammed/Documents/Intellij_Projects/CucumberSample/beeKeeper_cucumber/hellocucumber/target/surefire/surefirebooter9285920604697986856.jar"/>
    <property name="sun.management.compiler" value="HotSpot 64-Bit Tiered Compilers"/>
    <property name="java.runtime.version" value="11.0.10+8-LTS-162"/>
    <property name="user.name" value="mohammed"/>
    <property name="path.separator" value=":"/>
    <property name="os.version" value="10.16"/>
    <property name="java.runtime.name" value="Java(TM) SE Runtime Environment"/>
    <property name="file.encoding" value="UTF-8"/>
    <property name="java.vm.name" value="Java HotSpot(TM) 64-Bit Server VM"/>
    <property name="java.vendor.version" value="18.9"/>
    <property name="localRepository" value="/Users/mohammed/.m2/repository"/>
    <property name="java.vendor.url.bug" value="https://bugreport.java.com/bugreport/"/>
    <property name="java.io.tmpdir" value="/var/folders/tj/lyzd4wn54db0qtxgt96rc9yw0000gn/T/"/>
    <property name="java.version" value="11.0.10"/>
    <property name="user.dir" value="/Users/mohammed/Documents/Intellij_Projects/CucumberSample/beeKeeper_cucumber/hellocucumber"/>
    <property name="os.arch" value="x86_64"/>
    <property name="java.vm.specification.name" value="Java Virtual Machine Specification"/>
    <property name="java.awt.printerjob" value="sun.lwawt.macosx.CPrinterJob"/>
    <property name="sun.os.patch.level" value="unknown"/>
    <property name="java.library.path" value="/Users/mohammed/Library/Java/Extensions:/Library/Java/Extensions:/Network/Library/Java/Extensions:/System/Library/Java/Extensions:/usr/lib/java:."/>
    <property name="java.vendor" value="Oracle Corporation"/>
    <property name="java.vm.info" value="mixed mode"/>
    <property name="java.vm.version" value="11.0.10+8-LTS-162"/>
    <property name="sun.io.unicode.encoding" value="UnicodeBig"/>
    <property name="java.class.version" value="55.0"/>
  </properties>
  <testcase name="Today is or is not Friday #1" classname="Is it Friday yet?" time="0.018"/>
  <testcase name="Today is or is not Friday #2" classname="Is it Friday yet?" time="0.004"/>
  <testcase name="Today is or is not Friday #3" classname="Is it Friday yet?" time="0.005"/>
</testsuite>